-------------------------------------------------------------------------------
Test set: runners.Runner
-------------------------------------------------------------------------------
Tests run: 15, Failures: 0, Errors: 15, Skipped: 0, Time elapsed: 7.004 s <<< FAILURE! - in runners.Runner
TC01 Apply for cloud eng position WITHOUT NAME Naam is missing required subfields: First Name(US001 Solliciteren bij search4solutions)  Time elapsed: 2.258 s  <<< ERROR!
io.cucumber.junit.UndefinedStepException: 
The step 'I am on the search4solutions home page' and 4 other step(s) are undefined.
You can implement these steps using the snippet(s) below:

@Given("I am on the search4solutions home page")
public void i_am_on_the_search4solutions_home_page() {
    // Write code here that turns the phrase above into concrete actions
    throw new io.cucumber.java.PendingException();
}
@Given("I am on the {string} job application form")
public void i_am_on_the_job_application_form(String string) {
    // Write code here that turns the phrase above into concrete actions
    throw new io.cucumber.java.PendingException();
}
@Given("I want to apply for Cloud Engineer position WITHOUT NAME")
public void i_want_to_apply_for_cloud_engineer_position_without_name() {
    // Write code here that turns the phrase above into concrete actions
    throw new io.cucumber.java.PendingException();
}
@When("I send following attributes to apply for the Cloud Engineer position:")
public void i_send_following_attributes_to_apply_for_the_cloud_engineer_position(io.cucumber.datatable.DataTable dataTable) {
    // Write code here that turns the phrase above into concrete actions
    // For automatic transformation, change DataTable to one of
    // E, List<E>, List<List<E>>, List<Map<K,V>>, Map<K,V> or
    // Map<K, List<V>>. E,K,V must be a String, Integer, Float,
    // Double, Byte, Short, Long, BigInteger or BigDecimal.
    //
    // For other transformations you can register a DataTableType.
    throw new io.cucumber.java.PendingException();
}
@Then("I should see {string} on the page")
public void i_should_see_on_the_page(String string) {
    // Write code here that turns the phrase above into concrete actions
    throw new io.cucumber.java.PendingException();
}


TC01 Apply for cloud eng position WITH INVALID NAME - /* Naam: First Name is not valid.(US001 Solliciteren bij search4solutions)  Time elapsed: 0.271 s  <<< ERROR!
io.cucumber.junit.UndefinedStepException: 
The step 'I am on the search4solutions home page' and 4 other step(s) are undefined.
You can implement these steps using the snippet(s) below:

@Given("I am on the search4solutions home page")
public void i_am_on_the_search4solutions_home_page() {
    // Write code here that turns the phrase above into concrete actions
    throw new io.cucumber.java.PendingException();
}
@Given("I am on the {string} job application form")
public void i_am_on_the_job_application_form(String string) {
    // Write code here that turns the phrase above into concrete actions
    throw new io.cucumber.java.PendingException();
}
@Given("I want to apply for Cloud Engineer position WITH INVALID NAME - \\/*")
public void i_want_to_apply_for_cloud_engineer_position_with_invalid_name() {
    // Write code here that turns the phrase above into concrete actions
    throw new io.cucumber.java.PendingException();
}
@When("I send following attributes to apply for the Cloud Engineer position:")
public void i_send_following_attributes_to_apply_for_the_cloud_engineer_position(io.cucumber.datatable.DataTable dataTable) {
    // Write code here that turns the phrase above into concrete actions
    // For automatic transformation, change DataTable to one of
    // E, List<E>, List<List<E>>, List<Map<K,V>>, Map<K,V> or
    // Map<K, List<V>>. E,K,V must be a String, Integer, Float,
    // Double, Byte, Short, Long, BigInteger or BigDecimal.
    //
    // For other transformations you can register a DataTableType.
    throw new io.cucumber.java.PendingException();
}
@Then("I should see {string} on the page")
public void i_should_see_on_the_page(String string) {
    // Write code here that turns the phrase above into concrete actions
    throw new io.cucumber.java.PendingException();
}


TC01 Apply for cloud eng position WITH INVALID NAME - a Naam: First Name is not valid.(US001 Solliciteren bij search4solutions)  Time elapsed: 0.152 s  <<< ERROR!
io.cucumber.junit.UndefinedStepException: 
The step 'I am on the search4solutions home page' and 4 other step(s) are undefined.
You can implement these steps using the snippet(s) below:

@Given("I am on the search4solutions home page")
public void i_am_on_the_search4solutions_home_page() {
    // Write code here that turns the phrase above into concrete actions
    throw new io.cucumber.java.PendingException();
}
@Given("I am on the {string} job application form")
public void i_am_on_the_job_application_form(String string) {
    // Write code here that turns the phrase above into concrete actions
    throw new io.cucumber.java.PendingException();
}
@Given("I want to apply for Cloud Engineer position WITH INVALID NAME - a")
public void i_want_to_apply_for_cloud_engineer_position_with_invalid_name_a() {
    // Write code here that turns the phrase above into concrete actions
    throw new io.cucumber.java.PendingException();
}
@When("I send following attributes to apply for the Cloud Engineer position:")
public void i_send_following_attributes_to_apply_for_the_cloud_engineer_position(io.cucumber.datatable.DataTable dataTable) {
    // Write code here that turns the phrase above into concrete actions
    // For automatic transformation, change DataTable to one of
    // E, List<E>, List<List<E>>, List<Map<K,V>>, Map<K,V> or
    // Map<K, List<V>>. E,K,V must be a String, Integer, Float,
    // Double, Byte, Short, Long, BigInteger or BigDecimal.
    //
    // For other transformations you can register a DataTableType.
    throw new io.cucumber.java.PendingException();
}
@Then("I should see {string} on the page")
public void i_should_see_on_the_page(String string) {
    // Write code here that turns the phrase above into concrete actions
    throw new io.cucumber.java.PendingException();
}


TC01 Apply for cloud eng position WITHOUT E-MAIL E-mail is required.(US001 Solliciteren bij search4solutions)  Time elapsed: 0.201 s  <<< ERROR!
io.cucumber.junit.UndefinedStepException: 
The step 'I am on the search4solutions home page' and 4 other step(s) are undefined.
You can implement these steps using the snippet(s) below:

@Given("I am on the search4solutions home page")
public void i_am_on_the_search4solutions_home_page() {
    // Write code here that turns the phrase above into concrete actions
    throw new io.cucumber.java.PendingException();
}
@Given("I am on the {string} job application form")
public void i_am_on_the_job_application_form(String string) {
    // Write code here that turns the phrase above into concrete actions
    throw new io.cucumber.java.PendingException();
}
@Given("I want to apply for Cloud Engineer position WITHOUT E-MAIL")
public void i_want_to_apply_for_cloud_engineer_position_without_e_mail() {
    // Write code here that turns the phrase above into concrete actions
    throw new io.cucumber.java.PendingException();
}
@When("I send following attributes to apply for the Cloud Engineer position:")
public void i_send_following_attributes_to_apply_for_the_cloud_engineer_position(io.cucumber.datatable.DataTable dataTable) {
    // Write code here that turns the phrase above into concrete actions
    // For automatic transformation, change DataTable to one of
    // E, List<E>, List<List<E>>, List<Map<K,V>>, Map<K,V> or
    // Map<K, List<V>>. E,K,V must be a String, Integer, Float,
    // Double, Byte, Short, Long, BigInteger or BigDecimal.
    //
    // For other transformations you can register a DataTableType.
    throw new io.cucumber.java.PendingException();
}
@Then("I should see {string} on the page")
public void i_should_see_on_the_page(String string) {
    // Write code here that turns the phrase above into concrete actions
    throw new io.cucumber.java.PendingException();
}


TC01 Apply for cloud eng position WIT ALL REQUIRED FIELDS Dankjewel voor je sollicitatie!(US001 Solliciteren bij search4solutions)  Time elapsed: 0.246 s  <<< ERROR!
io.cucumber.junit.UndefinedStepException: 
The step 'I am on the search4solutions home page' and 4 other step(s) are undefined.
You can implement these steps using the snippet(s) below:

@Given("I am on the search4solutions home page")
public void i_am_on_the_search4solutions_home_page() {
    // Write code here that turns the phrase above into concrete actions
    throw new io.cucumber.java.PendingException();
}
@Given("I am on the {string} job application form")
public void i_am_on_the_job_application_form(String string) {
    // Write code here that turns the phrase above into concrete actions
    throw new io.cucumber.java.PendingException();
}
@Given("I want to apply for Cloud Engineer position WIT ALL REQUIRED FIELDS")
public void i_want_to_apply_for_cloud_engineer_position_wit_all_required_fields() {
    // Write code here that turns the phrase above into concrete actions
    throw new io.cucumber.java.PendingException();
}
@When("I send following attributes to apply for the Cloud Engineer position:")
public void i_send_following_attributes_to_apply_for_the_cloud_engineer_position(io.cucumber.datatable.DataTable dataTable) {
    // Write code here that turns the phrase above into concrete actions
    // For automatic transformation, change DataTable to one of
    // E, List<E>, List<List<E>>, List<Map<K,V>>, Map<K,V> or
    // Map<K, List<V>>. E,K,V must be a String, Integer, Float,
    // Double, Byte, Short, Long, BigInteger or BigDecimal.
    //
    // For other transformations you can register a DataTableType.
    throw new io.cucumber.java.PendingException();
}
@Then("I should see {string} on the page")
public void i_should_see_on_the_page(String string) {
    // Write code here that turns the phrase above into concrete actions
    throw new io.cucumber.java.PendingException();
}


TC02 Verifieren voor sollicitatie form -Negative #1(US001 Solliciteren bij search4solutions)  Time elapsed: 0.098 s  <<< ERROR!
io.cucumber.junit.UndefinedStepException: 
The step 'I am on the search4solutions home page' and 1 other step(s) are undefined.
You can implement these steps using the snippet(s) below:

@Given("I am on the search4solutions home page")
public void i_am_on_the_search4solutions_home_page() {
    // Write code here that turns the phrase above into concrete actions
    throw new io.cucumber.java.PendingException();
}
@Then("user gets the result of the application")
public void user_gets_the_result_of_the_application() {
    // Write code here that turns the phrase above into concrete actions
    throw new io.cucumber.java.PendingException();
}


TC02 Verifieren voor sollicitatie form -Negative #2(US001 Solliciteren bij search4solutions)  Time elapsed: 0.113 s  <<< ERROR!
io.cucumber.junit.UndefinedStepException: 
The step 'I am on the search4solutions home page' and 1 other step(s) are undefined.
You can implement these steps using the snippet(s) below:

@Given("I am on the search4solutions home page")
public void i_am_on_the_search4solutions_home_page() {
    // Write code here that turns the phrase above into concrete actions
    throw new io.cucumber.java.PendingException();
}
@Then("user gets the result of the application")
public void user_gets_the_result_of_the_application() {
    // Write code here that turns the phrase above into concrete actions
    throw new io.cucumber.java.PendingException();
}


TC02 Verifieren voor sollicitatie form -Negative #3(US001 Solliciteren bij search4solutions)  Time elapsed: 0.102 s  <<< ERROR!
io.cucumber.junit.UndefinedStepException: 
The step 'I am on the search4solutions home page' and 1 other step(s) are undefined.
You can implement these steps using the snippet(s) below:

@Given("I am on the search4solutions home page")
public void i_am_on_the_search4solutions_home_page() {
    // Write code here that turns the phrase above into concrete actions
    throw new io.cucumber.java.PendingException();
}
@Then("user gets the result of the application")
public void user_gets_the_result_of_the_application() {
    // Write code here that turns the phrase above into concrete actions
    throw new io.cucumber.java.PendingException();
}


TC02 Verifieren voor sollicitatie form -Negative #4(US001 Solliciteren bij search4solutions)  Time elapsed: 0.098 s  <<< ERROR!
io.cucumber.junit.UndefinedStepException: 
The step 'I am on the search4solutions home page' and 1 other step(s) are undefined.
You can implement these steps using the snippet(s) below:

@Given("I am on the search4solutions home page")
public void i_am_on_the_search4solutions_home_page() {
    // Write code here that turns the phrase above into concrete actions
    throw new io.cucumber.java.PendingException();
}
@Then("user gets the result of the application")
public void user_gets_the_result_of_the_application() {
    // Write code here that turns the phrase above into concrete actions
    throw new io.cucumber.java.PendingException();
}


TC02 Verifieren voor sollicitatie form -Negative #5(US001 Solliciteren bij search4solutions)  Time elapsed: 0.222 s  <<< ERROR!
io.cucumber.junit.UndefinedStepException: 
The step 'I am on the search4solutions home page' and 1 other step(s) are undefined.
You can implement these steps using the snippet(s) below:

@Given("I am on the search4solutions home page")
public void i_am_on_the_search4solutions_home_page() {
    // Write code here that turns the phrase above into concrete actions
    throw new io.cucumber.java.PendingException();
}
@Then("user gets the result of the application")
public void user_gets_the_result_of_the_application() {
    // Write code here that turns the phrase above into concrete actions
    throw new io.cucumber.java.PendingException();
}


TC02 Verifieren voor sollicitatie form -Negative #6(US001 Solliciteren bij search4solutions)  Time elapsed: 0.212 s  <<< ERROR!
io.cucumber.junit.UndefinedStepException: 
The step 'I am on the search4solutions home page' and 1 other step(s) are undefined.
You can implement these steps using the snippet(s) below:

@Given("I am on the search4solutions home page")
public void i_am_on_the_search4solutions_home_page() {
    // Write code here that turns the phrase above into concrete actions
    throw new io.cucumber.java.PendingException();
}
@Then("user gets the result of the application")
public void user_gets_the_result_of_the_application() {
    // Write code here that turns the phrase above into concrete actions
    throw new io.cucumber.java.PendingException();
}


TC02 Verifieren voor sollicitatie form -Negative #7(US001 Solliciteren bij search4solutions)  Time elapsed: 0.098 s  <<< ERROR!
io.cucumber.junit.UndefinedStepException: 
The step 'I am on the search4solutions home page' and 1 other step(s) are undefined.
You can implement these steps using the snippet(s) below:

@Given("I am on the search4solutions home page")
public void i_am_on_the_search4solutions_home_page() {
    // Write code here that turns the phrase above into concrete actions
    throw new io.cucumber.java.PendingException();
}
@Then("user gets the result of the application")
public void user_gets_the_result_of_the_application() {
    // Write code here that turns the phrase above into concrete actions
    throw new io.cucumber.java.PendingException();
}


TC02 Verifieren voor sollicitatie form -Negative #8(US001 Solliciteren bij search4solutions)  Time elapsed: 0.076 s  <<< ERROR!
io.cucumber.junit.UndefinedStepException: 
The step 'I am on the search4solutions home page' and 1 other step(s) are undefined.
You can implement these steps using the snippet(s) below:

@Given("I am on the search4solutions home page")
public void i_am_on_the_search4solutions_home_page() {
    // Write code here that turns the phrase above into concrete actions
    throw new io.cucumber.java.PendingException();
}
@Then("user gets the result of the application")
public void user_gets_the_result_of_the_application() {
    // Write code here that turns the phrase above into concrete actions
    throw new io.cucumber.java.PendingException();
}


TC02 Verifieren voor sollicitatie form -Negative #9(US001 Solliciteren bij search4solutions)  Time elapsed: 0.138 s  <<< ERROR!
io.cucumber.junit.UndefinedStepException: 
The step 'I am on the search4solutions home page' and 1 other step(s) are undefined.
You can implement these steps using the snippet(s) below:

@Given("I am on the search4solutions home page")
public void i_am_on_the_search4solutions_home_page() {
    // Write code here that turns the phrase above into concrete actions
    throw new io.cucumber.java.PendingException();
}
@Then("user gets the result of the application")
public void user_gets_the_result_of_the_application() {
    // Write code here that turns the phrase above into concrete actions
    throw new io.cucumber.java.PendingException();
}


TC02 Verifieren voor sollicitatie form -Negative #10(US001 Solliciteren bij search4solutions)  Time elapsed: 0.126 s  <<< ERROR!
io.cucumber.junit.UndefinedStepException: 
The step 'I am on the search4solutions home page' and 1 other step(s) are undefined.
You can implement these steps using the snippet(s) below:

@Given("I am on the search4solutions home page")
public void i_am_on_the_search4solutions_home_page() {
    // Write code here that turns the phrase above into concrete actions
    throw new io.cucumber.java.PendingException();
}
@Then("user gets the result of the application")
public void user_gets_the_result_of_the_application() {
    // Write code here that turns the phrase above into concrete actions
    throw new io.cucumber.java.PendingException();
}


