<?xml version="1.0" encoding="UTF-8"?>
<testsuite xmlns:xsi="http://www.w3.org/2001/XMLSchema-instance" xsi:noNamespaceSchemaLocation="https://maven.apache.org/surefire/maven-failsafe-plugin/xsd/failsafe-test-report.xsd" name="runners.Runner" time="7.004" tests="15" errors="15" skipped="0" failures="0">
  <properties>
[...]
</properties>
  <testcase name="TC01 Apply for cloud eng position WITHOUT NAME Naam is missing required subfields: First Name" classname="US001 Solliciteren bij search4solutions" time="2.258">
    <error message="The step &apos;I am on the search4solutions home page&apos; and 4 other step(s) are undefined.&#10;You can implement these steps using the snippet(s) below:&#10;&#10;@Given(&quot;I am on the search4solutions home page&quot;)&#10;public void i_am_on_the_search4solutions_home_page() {&#10;    // Write code here that turns the phrase above into concrete actions&#10;    throw new io.cucumber.java.PendingException();&#10;}&#10;@Given(&quot;I am on the {string} job application form&quot;)&#10;public void i_am_on_the_job_application_form(String string) {&#10;    // Write code here that turns the phrase above into concrete actions&#10;    throw new io.cucumber.java.PendingException();&#10;}&#10;@Given(&quot;I want to apply for Cloud Engineer position WITHOUT NAME&quot;)&#10;public void i_want_to_apply_for_cloud_engineer_position_without_name() {&#10;    // Write code here that turns the phrase above into concrete actions&#10;    throw new io.cucumber.java.PendingException();&#10;}&#10;@When(&quot;I send following attributes to apply for the Cloud Engineer position:&quot;)&#10;public void i_send_following_attributes_to_apply_for_the_cloud_engineer_position(io.cucumber.datatable.DataTable dataTable) {&#10;    // Write code here that turns the phrase above into concrete actions&#10;    // For automatic transformation, change DataTable to one of&#10;    // E, List&lt;E&gt;, List&lt;List&lt;E&gt;&gt;, List&lt;Map&lt;K,V&gt;&gt;, Map&lt;K,V&gt; or&#10;    // Map&lt;K, List&lt;V&gt;&gt;. E,K,V must be a String, Integer, Float,&#10;    // Double, Byte, Short, Long, BigInteger or BigDecimal.&#10;    //&#10;    // For other transformations you can register a DataTableType.&#10;    throw new io.cucumber.java.PendingException();&#10;}&#10;@Then(&quot;I should see {string} on the page&quot;)&#10;public void i_should_see_on_the_page(String string) {&#10;    // Write code here that turns the phrase above into concrete actions&#10;    throw new io.cucumber.java.PendingException();&#10;}&#10;" type="io.cucumber.junit.UndefinedStepException"><![CDATA[io.cucumber.junit.UndefinedStepException: 
The step 'I am on the search4solutions home page' and 4 other step(s) are undefined.
You can implement these steps using the snippet(s) below:

@Given("I am on the search4solutions home page")
public void i_am_on_the_search4solutions_home_page() {
    // Write code here that turns the phrase above into concrete actions
    throw new io.cucumber.java.PendingException();
}
@Given("I am on the {string} job application form")
public void i_am_on_the_job_application_form(String string) {
    // Write code here that turns the phrase above into concrete actions
    throw new io.cucumber.java.PendingException();
}
@Given("I want to apply for Cloud Engineer position WITHOUT NAME")
public void i_want_to_apply_for_cloud_engineer_position_without_name() {
    // Write code here that turns the phrase above into concrete actions
    throw new io.cucumber.java.PendingException();
}
@When("I send following attributes to apply for the Cloud Engineer position:")
public void i_send_following_attributes_to_apply_for_the_cloud_engineer_position(io.cucumber.datatable.DataTable dataTable) {
    // Write code here that turns the phrase above into concrete actions
    // For automatic transformation, change DataTable to one of
    // E, List<E>, List<List<E>>, List<Map<K,V>>, Map<K,V> or
    // Map<K, List<V>>. E,K,V must be a String, Integer, Float,
    // Double, Byte, Short, Long, BigInteger or BigDecimal.
    //
    // For other transformations you can register a DataTableType.
    throw new io.cucumber.java.PendingException();
}
@Then("I should see {string} on the page")
public void i_should_see_on_the_page(String string) {
    // Write code here that turns the phrase above into concrete actions
    throw new io.cucumber.java.PendingException();
}

]]></error>
    <system-out><![CDATA[
@smoke @sollicitatieForm
Scenario Outline: TC01 Apply for cloud eng position WITHOUT NAME Naam is missing required subfields: First Name &amp#27;[90m# src/test/resources/features/US001 Solliciteren bij search4solutions.feature:30&amp#27;[0m
  &amp#27;[33mGiven &amp#27;[0m&amp#27;[33mI am on the search4solutions home page&amp#27;[0m                                                                  &amp#27;[90m# null&amp#27;[0m
  &amp#27;[36mAnd &amp#27;[0m&amp#27;[36mI am on the 'Cloud Engineer' job application form&amp#27;[0m                                                         &amp#27;[90m# null&amp#27;[0m
  &amp#27;[36mAnd &amp#27;[0m&amp#27;[36mI want to apply for Cloud Engineer position WITHOUT NAME&amp#27;[0m                                                  &amp#27;[90m# null&amp#27;[0m
  &amp#27;[36mWhen &amp#27;[0m&amp#27;[36mI send following attributes to apply for the Cloud Engineer position:&amp#27;[0m                                    &amp#27;[90m# null&amp#27;[0m
  &amp#27;[36mThen &amp#27;[0m&amp#27;[36mI should see 'Naam is missing required subfields: First Name' on the page&amp#27;[0m                                &amp#27;[90m# null&amp#27;[0m
  &amp#27;[36mAnd &amp#27;[0m&amp#27;[36muser hover over Werken bij on the menu&amp#27;[0m                                                                    &amp#27;[90m# stepdefinitions.SolliciterenStepdef.user_hover_over_werken_bij_on_the_menu()&amp#27;[0m
  &amp#27;[36mAnd &amp#27;[0m&amp#27;[36muser choose Cloud Engineer&amp#27;[0m                                                                                &amp#27;[90m# stepdefinitions.SolliciterenStepdef.user_choose_cloud_engineer()&amp#27;[0m
  &amp#27;[36mWhen &amp#27;[0m&amp#27;[36muser click to button Solliciteren&amp#27;[0m                                                                        &amp#27;[90m# stepdefinitions.SolliciterenStepdef.userClickToButtonSolliciteren()&amp#27;[0m
  &amp#27;[36mAnd &amp#27;[0m&amp#27;[36muser fills out the form first name &amp#27;[0m&amp#27;[36m&amp#27;[1m""&amp#27;[0m                                                                     &amp#27;[90m# stepdefinitions.SolliciterenStepdef.userFillsOutTheFormFirstName(java.lang.String)&amp#27;[0m
  &amp#27;[36mAnd &amp#27;[0m&amp#27;[36muser fills out the form last name &amp#27;[0m&amp#27;[36m&amp#27;[1m"Sade"&amp#27;[0m                                                                  &amp#27;[90m# stepdefinitions.SolliciterenStepdef.userFillsOutTheFormLastName(java.lang.String)&amp#27;[0m
  &amp#27;[36mAnd &amp#27;[0m&amp#27;[36muser fills out the form e-mail &amp#27;[0m&amp#27;[36m&amp#27;[1m"nemo@sade.nl"&amp#27;[0m                                                             &amp#27;[90m# stepdefinitions.SolliciterenStepdef.userFillsOutTheFormEMail(java.lang.String)&amp#27;[0m
  &amp#27;[36mAnd &amp#27;[0m&amp#27;[36muser fills out the form Telefoonnummer &amp#27;[0m&amp#27;[36m&amp#27;[1m"+31612345678"&amp#27;[0m                                                     &amp#27;[90m# stepdefinitions.SolliciterenStepdef.userFillsOutTheFormTelefoonnummer(java.lang.String)&amp#27;[0m
  &amp#27;[36mAnd &amp#27;[0m&amp#27;[36muser send the filled form&amp#27;[0m                                                                                 &amp#27;[90m# stepdefinitions.SolliciterenStepdef.userSendTheFilledForm()&amp#27;[0m
  &amp#27;[36mThen &amp#27;[0m&amp#27;[36mverify that the form is sent&amp#27;[0m                                                                             &amp#27;[90m# stepdefinitions.SolliciterenStepdef.verify_that_the_form_is_sent()&amp#27;[0m
]]></system-out>
  </testcase>
  <testcase name="TC01 Apply for cloud eng position WITH INVALID NAME - /* Naam: First Name is not valid." classname="US001 Solliciteren bij search4solutions" time="0.271">
    <error message="The step &apos;I am on the search4solutions home page&apos; and 4 other step(s) are undefined.&#10;You can implement these steps using the snippet(s) below:&#10;&#10;@Given(&quot;I am on the search4solutions home page&quot;)&#10;public void i_am_on_the_search4solutions_home_page() {&#10;    // Write code here that turns the phrase above into concrete actions&#10;    throw new io.cucumber.java.PendingException();&#10;}&#10;@Given(&quot;I am on the {string} job application form&quot;)&#10;public void i_am_on_the_job_application_form(String string) {&#10;    // Write code here that turns the phrase above into concrete actions&#10;    throw new io.cucumber.java.PendingException();&#10;}&#10;@Given(&quot;I want to apply for Cloud Engineer position WITH INVALID NAME - \\/*&quot;)&#10;public void i_want_to_apply_for_cloud_engineer_position_with_invalid_name() {&#10;    // Write code here that turns the phrase above into concrete actions&#10;    throw new io.cucumber.java.PendingException();&#10;}&#10;@When(&quot;I send following attributes to apply for the Cloud Engineer position:&quot;)&#10;public void i_send_following_attributes_to_apply_for_the_cloud_engineer_position(io.cucumber.datatable.DataTable dataTable) {&#10;    // Write code here that turns the phrase above into concrete actions&#10;    // For automatic transformation, change DataTable to one of&#10;    // E, List&lt;E&gt;, List&lt;List&lt;E&gt;&gt;, List&lt;Map&lt;K,V&gt;&gt;, Map&lt;K,V&gt; or&#10;    // Map&lt;K, List&lt;V&gt;&gt;. E,K,V must be a String, Integer, Float,&#10;    // Double, Byte, Short, Long, BigInteger or BigDecimal.&#10;    //&#10;    // For other transformations you can register a DataTableType.&#10;    throw new io.cucumber.java.PendingException();&#10;}&#10;@Then(&quot;I should see {string} on the page&quot;)&#10;public void i_should_see_on_the_page(String string) {&#10;    // Write code here that turns the phrase above into concrete actions&#10;    throw new io.cucumber.java.PendingException();&#10;}&#10;" type="io.cucumber.junit.UndefinedStepException"><![CDATA[io.cucumber.junit.UndefinedStepException: 
The step 'I am on the search4solutions home page' and 4 other step(s) are undefined.
You can implement these steps using the snippet(s) below:

@Given("I am on the search4solutions home page")
public void i_am_on_the_search4solutions_home_page() {
    // Write code here that turns the phrase above into concrete actions
    throw new io.cucumber.java.PendingException();
}
@Given("I am on the {string} job application form")
public void i_am_on_the_job_application_form(String string) {
    // Write code here that turns the phrase above into concrete actions
    throw new io.cucumber.java.PendingException();
}
@Given("I want to apply for Cloud Engineer position WITH INVALID NAME - \\/*")
public void i_want_to_apply_for_cloud_engineer_position_with_invalid_name() {
    // Write code here that turns the phrase above into concrete actions
    throw new io.cucumber.java.PendingException();
}
@When("I send following attributes to apply for the Cloud Engineer position:")
public void i_send_following_attributes_to_apply_for_the_cloud_engineer_position(io.cucumber.datatable.DataTable dataTable) {
    // Write code here that turns the phrase above into concrete actions
    // For automatic transformation, change DataTable to one of
    // E, List<E>, List<List<E>>, List<Map<K,V>>, Map<K,V> or
    // Map<K, List<V>>. E,K,V must be a String, Integer, Float,
    // Double, Byte, Short, Long, BigInteger or BigDecimal.
    //
    // For other transformations you can register a DataTableType.
    throw new io.cucumber.java.PendingException();
}
@Then("I should see {string} on the page")
public void i_should_see_on_the_page(String string) {
    // Write code here that turns the phrase above into concrete actions
    throw new io.cucumber.java.PendingException();
}

]]></error>
    <system-out><![CDATA[
@smoke @sollicitatieForm
Scenario Outline: TC01 Apply for cloud eng position WITH INVALID NAME - /* Naam: First Name is not valid. &amp#27;[90m# src/test/resources/features/US001 Solliciteren bij search4solutions.feature:31&amp#27;[0m
  &amp#27;[33mGiven &amp#27;[0m&amp#27;[33mI am on the search4solutions home page&amp#27;[0m                                                            &amp#27;[90m# null&amp#27;[0m
  &amp#27;[36mAnd &amp#27;[0m&amp#27;[36mI am on the 'Cloud Engineer' job application form&amp#27;[0m                                                   &amp#27;[90m# null&amp#27;[0m
  &amp#27;[36mAnd &amp#27;[0m&amp#27;[36mI want to apply for Cloud Engineer position WITH INVALID NAME - /*&amp#27;[0m                                  &amp#27;[90m# null&amp#27;[0m
  &amp#27;[36mWhen &amp#27;[0m&amp#27;[36mI send following attributes to apply for the Cloud Engineer position:&amp#27;[0m                              &amp#27;[90m# null&amp#27;[0m
  &amp#27;[36mThen &amp#27;[0m&amp#27;[36mI should see 'Naam: First Name is not valid.' on the page&amp#27;[0m                                          &amp#27;[90m# null&amp#27;[0m
  &amp#27;[36mAnd &amp#27;[0m&amp#27;[36muser hover over Werken bij on the menu&amp#27;[0m                                                              &amp#27;[90m# stepdefinitions.SolliciterenStepdef.user_hover_over_werken_bij_on_the_menu()&amp#27;[0m
  &amp#27;[36mAnd &amp#27;[0m&amp#27;[36muser choose Cloud Engineer&amp#27;[0m                                                                          &amp#27;[90m# stepdefinitions.SolliciterenStepdef.user_choose_cloud_engineer()&amp#27;[0m
  &amp#27;[36mWhen &amp#27;[0m&amp#27;[36muser click to button Solliciteren&amp#27;[0m                                                                  &amp#27;[90m# stepdefinitions.SolliciterenStepdef.userClickToButtonSolliciteren()&amp#27;[0m
  &amp#27;[36mAnd &amp#27;[0m&amp#27;[36muser fills out the form first name &amp#27;[0m&amp#27;[36m&amp#27;[1m"/*"&amp#27;[0m                                                             &amp#27;[90m# stepdefinitions.SolliciterenStepdef.userFillsOutTheFormFirstName(java.lang.String)&amp#27;[0m
  &amp#27;[36mAnd &amp#27;[0m&amp#27;[36muser fills out the form last name &amp#27;[0m&amp#27;[36m&amp#27;[1m"Sade"&amp#27;[0m                                                            &amp#27;[90m# stepdefinitions.SolliciterenStepdef.userFillsOutTheFormLastName(java.lang.String)&amp#27;[0m
  &amp#27;[36mAnd &amp#27;[0m&amp#27;[36muser fills out the form e-mail &amp#27;[0m&amp#27;[36m&amp#27;[1m"nemo@sade.nl"&amp#27;[0m                                                       &amp#27;[90m# stepdefinitions.SolliciterenStepdef.userFillsOutTheFormEMail(java.lang.String)&amp#27;[0m
  &amp#27;[36mAnd &amp#27;[0m&amp#27;[36muser fills out the form Telefoonnummer &amp#27;[0m&amp#27;[36m&amp#27;[1m"abc"&amp#27;[0m                                                        &amp#27;[90m# stepdefinitions.SolliciterenStepdef.userFillsOutTheFormTelefoonnummer(java.lang.String)&amp#27;[0m
  &amp#27;[36mAnd &amp#27;[0m&amp#27;[36muser send the filled form&amp#27;[0m                                                                           &amp#27;[90m# stepdefinitions.SolliciterenStepdef.userSendTheFilledForm()&amp#27;[0m
  &amp#27;[36mThen &amp#27;[0m&amp#27;[36mverify that the form is sent&amp#27;[0m                                                                       &amp#27;[90m# stepdefinitions.SolliciterenStepdef.verify_that_the_form_is_sent()&amp#27;[0m
]]></system-out>
  </testcase>
  <testcase name="TC01 Apply for cloud eng position WITH INVALID NAME - a Naam: First Name is not valid." classname="US001 Solliciteren bij search4solutions" time="0.152">
    <error message="The step &apos;I am on the search4solutions home page&apos; and 4 other step(s) are undefined.&#10;You can implement these steps using the snippet(s) below:&#10;&#10;@Given(&quot;I am on the search4solutions home page&quot;)&#10;public void i_am_on_the_search4solutions_home_page() {&#10;    // Write code here that turns the phrase above into concrete actions&#10;    throw new io.cucumber.java.PendingException();&#10;}&#10;@Given(&quot;I am on the {string} job application form&quot;)&#10;public void i_am_on_the_job_application_form(String string) {&#10;    // Write code here that turns the phrase above into concrete actions&#10;    throw new io.cucumber.java.PendingException();&#10;}&#10;@Given(&quot;I want to apply for Cloud Engineer position WITH INVALID NAME - a&quot;)&#10;public void i_want_to_apply_for_cloud_engineer_position_with_invalid_name_a() {&#10;    // Write code here that turns the phrase above into concrete actions&#10;    throw new io.cucumber.java.PendingException();&#10;}&#10;@When(&quot;I send following attributes to apply for the Cloud Engineer position:&quot;)&#10;public void i_send_following_attributes_to_apply_for_the_cloud_engineer_position(io.cucumber.datatable.DataTable dataTable) {&#10;    // Write code here that turns the phrase above into concrete actions&#10;    // For automatic transformation, change DataTable to one of&#10;    // E, List&lt;E&gt;, List&lt;List&lt;E&gt;&gt;, List&lt;Map&lt;K,V&gt;&gt;, Map&lt;K,V&gt; or&#10;    // Map&lt;K, List&lt;V&gt;&gt;. E,K,V must be a String, Integer, Float,&#10;    // Double, Byte, Short, Long, BigInteger or BigDecimal.&#10;    //&#10;    // For other transformations you can register a DataTableType.&#10;    throw new io.cucumber.java.PendingException();&#10;}&#10;@Then(&quot;I should see {string} on the page&quot;)&#10;public void i_should_see_on_the_page(String string) {&#10;    // Write code here that turns the phrase above into concrete actions&#10;    throw new io.cucumber.java.PendingException();&#10;}&#10;" type="io.cucumber.junit.UndefinedStepException"><![CDATA[io.cucumber.junit.UndefinedStepException: 
The step 'I am on the search4solutions home page' and 4 other step(s) are undefined.
You can implement these steps using the snippet(s) below:

@Given("I am on the search4solutions home page")
public void i_am_on_the_search4solutions_home_page() {
    // Write code here that turns the phrase above into concrete actions
    throw new io.cucumber.java.PendingException();
}
@Given("I am on the {string} job application form")
public void i_am_on_the_job_application_form(String string) {
    // Write code here that turns the phrase above into concrete actions
    throw new io.cucumber.java.PendingException();
}
@Given("I want to apply for Cloud Engineer position WITH INVALID NAME - a")
public void i_want_to_apply_for_cloud_engineer_position_with_invalid_name_a() {
    // Write code here that turns the phrase above into concrete actions
    throw new io.cucumber.java.PendingException();
}
@When("I send following attributes to apply for the Cloud Engineer position:")
public void i_send_following_attributes_to_apply_for_the_cloud_engineer_position(io.cucumber.datatable.DataTable dataTable) {
    // Write code here that turns the phrase above into concrete actions
    // For automatic transformation, change DataTable to one of
    // E, List<E>, List<List<E>>, List<Map<K,V>>, Map<K,V> or
    // Map<K, List<V>>. E,K,V must be a String, Integer, Float,
    // Double, Byte, Short, Long, BigInteger or BigDecimal.
    //
    // For other transformations you can register a DataTableType.
    throw new io.cucumber.java.PendingException();
}
@Then("I should see {string} on the page")
public void i_should_see_on_the_page(String string) {
    // Write code here that turns the phrase above into concrete actions
    throw new io.cucumber.java.PendingException();
}

]]></error>
    <system-out><![CDATA[
@smoke @sollicitatieForm
Scenario Outline: TC01 Apply for cloud eng position WITH INVALID NAME - a Naam: First Name is not valid. &amp#27;[90m# src/test/resources/features/US001 Solliciteren bij search4solutions.feature:32&amp#27;[0m
  &amp#27;[33mGiven &amp#27;[0m&amp#27;[33mI am on the search4solutions home page&amp#27;[0m                                                           &amp#27;[90m# null&amp#27;[0m
  &amp#27;[36mAnd &amp#27;[0m&amp#27;[36mI am on the 'Cloud Engineer' job application form&amp#27;[0m                                                  &amp#27;[90m# null&amp#27;[0m
  &amp#27;[36mAnd &amp#27;[0m&amp#27;[36mI want to apply for Cloud Engineer position WITH INVALID NAME - a&amp#27;[0m                                  &amp#27;[90m# null&amp#27;[0m
  &amp#27;[36mWhen &amp#27;[0m&amp#27;[36mI send following attributes to apply for the Cloud Engineer position:&amp#27;[0m                             &amp#27;[90m# null&amp#27;[0m
  &amp#27;[36mThen &amp#27;[0m&amp#27;[36mI should see 'Naam: First Name is not valid.' on the page&amp#27;[0m                                         &amp#27;[90m# null&amp#27;[0m
  &amp#27;[36mAnd &amp#27;[0m&amp#27;[36muser hover over Werken bij on the menu&amp#27;[0m                                                             &amp#27;[90m# stepdefinitions.SolliciterenStepdef.user_hover_over_werken_bij_on_the_menu()&amp#27;[0m
  &amp#27;[36mAnd &amp#27;[0m&amp#27;[36muser choose Cloud Engineer&amp#27;[0m                                                                         &amp#27;[90m# stepdefinitions.SolliciterenStepdef.user_choose_cloud_engineer()&amp#27;[0m
  &amp#27;[36mWhen &amp#27;[0m&amp#27;[36muser click to button Solliciteren&amp#27;[0m                                                                 &amp#27;[90m# stepdefinitions.SolliciterenStepdef.userClickToButtonSolliciteren()&amp#27;[0m
  &amp#27;[36mAnd &amp#27;[0m&amp#27;[36muser fills out the form first name &amp#27;[0m&amp#27;[36m&amp#27;[1m"a"&amp#27;[0m                                                             &amp#27;[90m# stepdefinitions.SolliciterenStepdef.userFillsOutTheFormFirstName(java.lang.String)&amp#27;[0m
  &amp#27;[36mAnd &amp#27;[0m&amp#27;[36muser fills out the form last name &amp#27;[0m&amp#27;[36m&amp#27;[1m"Sade"&amp#27;[0m                                                           &amp#27;[90m# stepdefinitions.SolliciterenStepdef.userFillsOutTheFormLastName(java.lang.String)&amp#27;[0m
  &amp#27;[36mAnd &amp#27;[0m&amp#27;[36muser fills out the form e-mail &amp#27;[0m&amp#27;[36m&amp#27;[1m"nemo@sade.nl"&amp#27;[0m                                                      &amp#27;[90m# stepdefinitions.SolliciterenStepdef.userFillsOutTheFormEMail(java.lang.String)&amp#27;[0m
  &amp#27;[36mAnd &amp#27;[0m&amp#27;[36muser fills out the form Telefoonnummer &amp#27;[0m&amp#27;[36m&amp#27;[1m"abc"&amp#27;[0m                                                       &amp#27;[90m# stepdefinitions.SolliciterenStepdef.userFillsOutTheFormTelefoonnummer(java.lang.String)&amp#27;[0m
  &amp#27;[36mAnd &amp#27;[0m&amp#27;[36muser send the filled form&amp#27;[0m                                                                          &amp#27;[90m# stepdefinitions.SolliciterenStepdef.userSendTheFilledForm()&amp#27;[0m
  &amp#27;[36mThen &amp#27;[0m&amp#27;[36mverify that the form is sent&amp#27;[0m                                                                      &amp#27;[90m# stepdefinitions.SolliciterenStepdef.verify_that_the_form_is_sent()&amp#27;[0m
]]></system-out>
  </testcase>
  <testcase name="TC01 Apply for cloud eng position WITHOUT E-MAIL E-mail is required." classname="US001 Solliciteren bij search4solutions" time="0.201">
    <error message="The step &apos;I am on the search4solutions home page&apos; and 4 other step(s) are undefined.&#10;You can implement these steps using the snippet(s) below:&#10;&#10;@Given(&quot;I am on the search4solutions home page&quot;)&#10;public void i_am_on_the_search4solutions_home_page() {&#10;    // Write code here that turns the phrase above into concrete actions&#10;    throw new io.cucumber.java.PendingException();&#10;}&#10;@Given(&quot;I am on the {string} job application form&quot;)&#10;public void i_am_on_the_job_application_form(String string) {&#10;    // Write code here that turns the phrase above into concrete actions&#10;    throw new io.cucumber.java.PendingException();&#10;}&#10;@Given(&quot;I want to apply for Cloud Engineer position WITHOUT E-MAIL&quot;)&#10;public void i_want_to_apply_for_cloud_engineer_position_without_e_mail() {&#10;    // Write code here that turns the phrase above into concrete actions&#10;    throw new io.cucumber.java.PendingException();&#10;}&#10;@When(&quot;I send following attributes to apply for the Cloud Engineer position:&quot;)&#10;public void i_send_following_attributes_to_apply_for_the_cloud_engineer_position(io.cucumber.datatable.DataTable dataTable) {&#10;    // Write code here that turns the phrase above into concrete actions&#10;    // For automatic transformation, change DataTable to one of&#10;    // E, List&lt;E&gt;, List&lt;List&lt;E&gt;&gt;, List&lt;Map&lt;K,V&gt;&gt;, Map&lt;K,V&gt; or&#10;    // Map&lt;K, List&lt;V&gt;&gt;. E,K,V must be a String, Integer, Float,&#10;    // Double, Byte, Short, Long, BigInteger or BigDecimal.&#10;    //&#10;    // For other transformations you can register a DataTableType.&#10;    throw new io.cucumber.java.PendingException();&#10;}&#10;@Then(&quot;I should see {string} on the page&quot;)&#10;public void i_should_see_on_the_page(String string) {&#10;    // Write code here that turns the phrase above into concrete actions&#10;    throw new io.cucumber.java.PendingException();&#10;}&#10;" type="io.cucumber.junit.UndefinedStepException"><![CDATA[io.cucumber.junit.UndefinedStepException: 
The step 'I am on the search4solutions home page' and 4 other step(s) are undefined.
You can implement these steps using the snippet(s) below:

@Given("I am on the search4solutions home page")
public void i_am_on_the_search4solutions_home_page() {
    // Write code here that turns the phrase above into concrete actions
    throw new io.cucumber.java.PendingException();
}
@Given("I am on the {string} job application form")
public void i_am_on_the_job_application_form(String string) {
    // Write code here that turns the phrase above into concrete actions
    throw new io.cucumber.java.PendingException();
}
@Given("I want to apply for Cloud Engineer position WITHOUT E-MAIL")
public void i_want_to_apply_for_cloud_engineer_position_without_e_mail() {
    // Write code here that turns the phrase above into concrete actions
    throw new io.cucumber.java.PendingException();
}
@When("I send following attributes to apply for the Cloud Engineer position:")
public void i_send_following_attributes_to_apply_for_the_cloud_engineer_position(io.cucumber.datatable.DataTable dataTable) {
    // Write code here that turns the phrase above into concrete actions
    // For automatic transformation, change DataTable to one of
    // E, List<E>, List<List<E>>, List<Map<K,V>>, Map<K,V> or
    // Map<K, List<V>>. E,K,V must be a String, Integer, Float,
    // Double, Byte, Short, Long, BigInteger or BigDecimal.
    //
    // For other transformations you can register a DataTableType.
    throw new io.cucumber.java.PendingException();
}
@Then("I should see {string} on the page")
public void i_should_see_on_the_page(String string) {
    // Write code here that turns the phrase above into concrete actions
    throw new io.cucumber.java.PendingException();
}

]]></error>
    <system-out><![CDATA[
@smoke @sollicitatieForm
Scenario Outline: TC01 Apply for cloud eng position WITHOUT E-MAIL E-mail is required. &amp#27;[90m# src/test/resources/features/US001 Solliciteren bij search4solutions.feature:33&amp#27;[0m
  &amp#27;[33mGiven &amp#27;[0m&amp#27;[33mI am on the search4solutions home page&amp#27;[0m                                         &amp#27;[90m# null&amp#27;[0m
  &amp#27;[36mAnd &amp#27;[0m&amp#27;[36mI am on the 'Cloud Engineer' job application form&amp#27;[0m                                &amp#27;[90m# null&amp#27;[0m
  &amp#27;[36mAnd &amp#27;[0m&amp#27;[36mI want to apply for Cloud Engineer position WITHOUT E-MAIL&amp#27;[0m                       &amp#27;[90m# null&amp#27;[0m
  &amp#27;[36mWhen &amp#27;[0m&amp#27;[36mI send following attributes to apply for the Cloud Engineer position:&amp#27;[0m           &amp#27;[90m# null&amp#27;[0m
  &amp#27;[36mThen &amp#27;[0m&amp#27;[36mI should see 'E-mail is required.' on the page&amp#27;[0m                                  &amp#27;[90m# null&amp#27;[0m
  &amp#27;[36mAnd &amp#27;[0m&amp#27;[36muser hover over Werken bij on the menu&amp#27;[0m                                           &amp#27;[90m# stepdefinitions.SolliciterenStepdef.user_hover_over_werken_bij_on_the_menu()&amp#27;[0m
  &amp#27;[36mAnd &amp#27;[0m&amp#27;[36muser choose Cloud Engineer&amp#27;[0m                                                       &amp#27;[90m# stepdefinitions.SolliciterenStepdef.user_choose_cloud_engineer()&amp#27;[0m
  &amp#27;[36mWhen &amp#27;[0m&amp#27;[36muser click to button Solliciteren&amp#27;[0m                                               &amp#27;[90m# stepdefinitions.SolliciterenStepdef.userClickToButtonSolliciteren()&amp#27;[0m
  &amp#27;[36mAnd &amp#27;[0m&amp#27;[36muser fills out the form first name &amp#27;[0m&amp#27;[36m&amp#27;[1m"Nemo"&amp#27;[0m                                        &amp#27;[90m# stepdefinitions.SolliciterenStepdef.userFillsOutTheFormFirstName(java.lang.String)&amp#27;[0m
  &amp#27;[36mAnd &amp#27;[0m&amp#27;[36muser fills out the form last name &amp#27;[0m&amp#27;[36m&amp#27;[1m"Sade"&amp#27;[0m                                         &amp#27;[90m# stepdefinitions.SolliciterenStepdef.userFillsOutTheFormLastName(java.lang.String)&amp#27;[0m
  &amp#27;[36mAnd &amp#27;[0m&amp#27;[36muser fills out the form e-mail &amp#27;[0m&amp#27;[36m&amp#27;[1m""&amp#27;[0m                                                &amp#27;[90m# stepdefinitions.SolliciterenStepdef.userFillsOutTheFormEMail(java.lang.String)&amp#27;[0m
  &amp#27;[36mAnd &amp#27;[0m&amp#27;[36muser fills out the form Telefoonnummer &amp#27;[0m&amp#27;[36m&amp#27;[1m"abc"&amp#27;[0m                                     &amp#27;[90m# stepdefinitions.SolliciterenStepdef.userFillsOutTheFormTelefoonnummer(java.lang.String)&amp#27;[0m
  &amp#27;[36mAnd &amp#27;[0m&amp#27;[36muser send the filled form&amp#27;[0m                                                        &amp#27;[90m# stepdefinitions.SolliciterenStepdef.userSendTheFilledForm()&amp#27;[0m
  &amp#27;[36mThen &amp#27;[0m&amp#27;[36mverify that the form is sent&amp#27;[0m                                                    &amp#27;[90m# stepdefinitions.SolliciterenStepdef.verify_that_the_form_is_sent()&amp#27;[0m
]]></system-out>
  </testcase>
  <testcase name="TC01 Apply for cloud eng position WIT ALL REQUIRED FIELDS Dankjewel voor je sollicitatie!" classname="US001 Solliciteren bij search4solutions" time="0.246">
    <error message="The step &apos;I am on the search4solutions home page&apos; and 4 other step(s) are undefined.&#10;You can implement these steps using the snippet(s) below:&#10;&#10;@Given(&quot;I am on the search4solutions home page&quot;)&#10;public void i_am_on_the_search4solutions_home_page() {&#10;    // Write code here that turns the phrase above into concrete actions&#10;    throw new io.cucumber.java.PendingException();&#10;}&#10;@Given(&quot;I am on the {string} job application form&quot;)&#10;public void i_am_on_the_job_application_form(String string) {&#10;    // Write code here that turns the phrase above into concrete actions&#10;    throw new io.cucumber.java.PendingException();&#10;}&#10;@Given(&quot;I want to apply for Cloud Engineer position WIT ALL REQUIRED FIELDS&quot;)&#10;public void i_want_to_apply_for_cloud_engineer_position_wit_all_required_fields() {&#10;    // Write code here that turns the phrase above into concrete actions&#10;    throw new io.cucumber.java.PendingException();&#10;}&#10;@When(&quot;I send following attributes to apply for the Cloud Engineer position:&quot;)&#10;public void i_send_following_attributes_to_apply_for_the_cloud_engineer_position(io.cucumber.datatable.DataTable dataTable) {&#10;    // Write code here that turns the phrase above into concrete actions&#10;    // For automatic transformation, change DataTable to one of&#10;    // E, List&lt;E&gt;, List&lt;List&lt;E&gt;&gt;, List&lt;Map&lt;K,V&gt;&gt;, Map&lt;K,V&gt; or&#10;    // Map&lt;K, List&lt;V&gt;&gt;. E,K,V must be a String, Integer, Float,&#10;    // Double, Byte, Short, Long, BigInteger or BigDecimal.&#10;    //&#10;    // For other transformations you can register a DataTableType.&#10;    throw new io.cucumber.java.PendingException();&#10;}&#10;@Then(&quot;I should see {string} on the page&quot;)&#10;public void i_should_see_on_the_page(String string) {&#10;    // Write code here that turns the phrase above into concrete actions&#10;    throw new io.cucumber.java.PendingException();&#10;}&#10;" type="io.cucumber.junit.UndefinedStepException"><![CDATA[io.cucumber.junit.UndefinedStepException: 
The step 'I am on the search4solutions home page' and 4 other step(s) are undefined.
You can implement these steps using the snippet(s) below:

@Given("I am on the search4solutions home page")
public void i_am_on_the_search4solutions_home_page() {
    // Write code here that turns the phrase above into concrete actions
    throw new io.cucumber.java.PendingException();
}
@Given("I am on the {string} job application form")
public void i_am_on_the_job_application_form(String string) {
    // Write code here that turns the phrase above into concrete actions
    throw new io.cucumber.java.PendingException();
}
@Given("I want to apply for Cloud Engineer position WIT ALL REQUIRED FIELDS")
public void i_want_to_apply_for_cloud_engineer_position_wit_all_required_fields() {
    // Write code here that turns the phrase above into concrete actions
    throw new io.cucumber.java.PendingException();
}
@When("I send following attributes to apply for the Cloud Engineer position:")
public void i_send_following_attributes_to_apply_for_the_cloud_engineer_position(io.cucumber.datatable.DataTable dataTable) {
    // Write code here that turns the phrase above into concrete actions
    // For automatic transformation, change DataTable to one of
    // E, List<E>, List<List<E>>, List<Map<K,V>>, Map<K,V> or
    // Map<K, List<V>>. E,K,V must be a String, Integer, Float,
    // Double, Byte, Short, Long, BigInteger or BigDecimal.
    //
    // For other transformations you can register a DataTableType.
    throw new io.cucumber.java.PendingException();
}
@Then("I should see {string} on the page")
public void i_should_see_on_the_page(String string) {
    // Write code here that turns the phrase above into concrete actions
    throw new io.cucumber.java.PendingException();
}

]]></error>
    <system-out><![CDATA[
@smoke @sollicitatieForm
Scenario Outline: TC01 Apply for cloud eng position WIT ALL REQUIRED FIELDS Dankjewel voor je sollicitatie! &amp#27;[90m# src/test/resources/features/US001 Solliciteren bij search4solutions.feature:34&amp#27;[0m
  &amp#27;[33mGiven &amp#27;[0m&amp#27;[33mI am on the search4solutions home page&amp#27;[0m                                                              &amp#27;[90m# null&amp#27;[0m
  &amp#27;[36mAnd &amp#27;[0m&amp#27;[36mI am on the 'Cloud Engineer' job application form&amp#27;[0m                                                     &amp#27;[90m# null&amp#27;[0m
  &amp#27;[36mAnd &amp#27;[0m&amp#27;[36mI want to apply for Cloud Engineer position WIT ALL REQUIRED FIELDS&amp#27;[0m                                   &amp#27;[90m# null&amp#27;[0m
  &amp#27;[36mWhen &amp#27;[0m&amp#27;[36mI send following attributes to apply for the Cloud Engineer position:&amp#27;[0m                                &amp#27;[90m# null&amp#27;[0m
  &amp#27;[36mThen &amp#27;[0m&amp#27;[36mI should see 'Dankjewel voor je sollicitatie!' on the page&amp#27;[0m                                           &amp#27;[90m# null&amp#27;[0m
  &amp#27;[36mAnd &amp#27;[0m&amp#27;[36muser hover over Werken bij on the menu&amp#27;[0m                                                                &amp#27;[90m# stepdefinitions.SolliciterenStepdef.user_hover_over_werken_bij_on_the_menu()&amp#27;[0m
  &amp#27;[36mAnd &amp#27;[0m&amp#27;[36muser choose Cloud Engineer&amp#27;[0m                                                                            &amp#27;[90m# stepdefinitions.SolliciterenStepdef.user_choose_cloud_engineer()&amp#27;[0m
  &amp#27;[36mWhen &amp#27;[0m&amp#27;[36muser click to button Solliciteren&amp#27;[0m                                                                    &amp#27;[90m# stepdefinitions.SolliciterenStepdef.userClickToButtonSolliciteren()&amp#27;[0m
  &amp#27;[36mAnd &amp#27;[0m&amp#27;[36muser fills out the form first name &amp#27;[0m&amp#27;[36m&amp#27;[1m"Nemo"&amp#27;[0m                                                             &amp#27;[90m# stepdefinitions.SolliciterenStepdef.userFillsOutTheFormFirstName(java.lang.String)&amp#27;[0m
  &amp#27;[36mAnd &amp#27;[0m&amp#27;[36muser fills out the form last name &amp#27;[0m&amp#27;[36m&amp#27;[1m"Sade"&amp#27;[0m                                                              &amp#27;[90m# stepdefinitions.SolliciterenStepdef.userFillsOutTheFormLastName(java.lang.String)&amp#27;[0m
  &amp#27;[36mAnd &amp#27;[0m&amp#27;[36muser fills out the form e-mail &amp#27;[0m&amp#27;[36m&amp#27;[1m"nemo@sade.nl"&amp#27;[0m                                                         &amp#27;[90m# stepdefinitions.SolliciterenStepdef.userFillsOutTheFormEMail(java.lang.String)&amp#27;[0m
  &amp#27;[36mAnd &amp#27;[0m&amp#27;[36muser fills out the form Telefoonnummer &amp#27;[0m&amp#27;[36m&amp#27;[1m"abc"&amp#27;[0m                                                          &amp#27;[90m# stepdefinitions.SolliciterenStepdef.userFillsOutTheFormTelefoonnummer(java.lang.String)&amp#27;[0m
  &amp#27;[36mAnd &amp#27;[0m&amp#27;[36muser send the filled form&amp#27;[0m                                                                             &amp#27;[90m# stepdefinitions.SolliciterenStepdef.userSendTheFilledForm()&amp#27;[0m
  &amp#27;[36mThen &amp#27;[0m&amp#27;[36mverify that the form is sent&amp#27;[0m                                                                         &amp#27;[90m# stepdefinitions.SolliciterenStepdef.verify_that_the_form_is_sent()&amp#27;[0m
]]></system-out>
  </testcase>
  <testcase name="TC02 Verifieren voor sollicitatie form -Negative #1" classname="US001 Solliciteren bij search4solutions" time="0.098">
    <error message="The step &apos;I am on the search4solutions home page&apos; and 1 other step(s) are undefined.&#10;You can implement these steps using the snippet(s) below:&#10;&#10;@Given(&quot;I am on the search4solutions home page&quot;)&#10;public void i_am_on_the_search4solutions_home_page() {&#10;    // Write code here that turns the phrase above into concrete actions&#10;    throw new io.cucumber.java.PendingException();&#10;}&#10;@Then(&quot;user gets the result of the application&quot;)&#10;public void user_gets_the_result_of_the_application() {&#10;    // Write code here that turns the phrase above into concrete actions&#10;    throw new io.cucumber.java.PendingException();&#10;}&#10;" type="io.cucumber.junit.UndefinedStepException">io.cucumber.junit.UndefinedStepException: 
The step 'I am on the search4solutions home page' and 1 other step(s) are undefined.
You can implement these steps using the snippet(s) below:

@Given("I am on the search4solutions home page")
public void i_am_on_the_search4solutions_home_page() {
    // Write code here that turns the phrase above into concrete actions
    throw new io.cucumber.java.PendingException();
}
@Then("user gets the result of the application")
public void user_gets_the_result_of_the_application() {
    // Write code here that turns the phrase above into concrete actions
    throw new io.cucumber.java.PendingException();
}

</error>
    <system-out><![CDATA[
@smoke @sollicitatieForm
Scenario Outline: TC02 Verifieren voor sollicitatie form -Negative         &amp#27;[90m# src/test/resources/features/US001 Solliciteren bij search4solutions.feature:55&amp#27;[0m
  &amp#27;[33mGiven &amp#27;[0m&amp#27;[33mI am on the search4solutions home page&amp#27;[0m                             &amp#27;[90m# null&amp#27;[0m
  &amp#27;[36mThen &amp#27;[0m&amp#27;[36muser gets the result of the application&amp#27;[0m                             &amp#27;[90m# null&amp#27;[0m
  &amp#27;[36mAnd &amp#27;[0m&amp#27;[36muser hover over Werken bij on the menu&amp#27;[0m                               &amp#27;[90m# stepdefinitions.SolliciterenStepdef.user_hover_over_werken_bij_on_the_menu()&amp#27;[0m
  &amp#27;[36mAnd &amp#27;[0m&amp#27;[36muser choose Cloud Engineer&amp#27;[0m                                           &amp#27;[90m# stepdefinitions.SolliciterenStepdef.user_choose_cloud_engineer()&amp#27;[0m
  &amp#27;[36mWhen &amp#27;[0m&amp#27;[36muser click to button Solliciteren&amp#27;[0m                                   &amp#27;[90m# stepdefinitions.SolliciterenStepdef.userClickToButtonSolliciteren()&amp#27;[0m
  &amp#27;[36mAnd &amp#27;[0m&amp#27;[36muser fills out the form with not valid first name &amp#27;[0m&amp#27;[36m&amp#27;[1m"Nemo"&amp#27;[0m             &amp#27;[90m# stepdefinitions.SolliciterenStepdef.userFillsOutTheFormWithNotValidFirstName(java.lang.String)&amp#27;[0m
  &amp#27;[36mAnd &amp#27;[0m&amp#27;[36muser fills out the form with not valid last name &amp#27;[0m&amp#27;[36m&amp#27;[1m""&amp#27;[0m                  &amp#27;[90m# stepdefinitions.SolliciterenStepdef.userFillsOutTheFormWithNotValidLastName(java.lang.String)&amp#27;[0m
  &amp#27;[36mAnd &amp#27;[0m&amp#27;[36muser fills out the form with not valid e-mail &amp#27;[0m&amp#27;[36m&amp#27;[1m"nemosade.nl"&amp#27;[0m          &amp#27;[90m# stepdefinitions.SolliciterenStepdef.userFillsOutTheFormWithNotValidEMail(java.lang.String)&amp#27;[0m
  &amp#27;[36mAnd &amp#27;[0m&amp#27;[36muser fills out the form with not valid Telefoonnummer &amp#27;[0m&amp#27;[36m&amp#27;[1m"+31612345678"&amp#27;[0m &amp#27;[90m# stepdefinitions.SolliciterenStepdef.userFillsOutTheFormWithNotValidTelefoonnummer(java.lang.String)&amp#27;[0m
]]></system-out>
  </testcase>
  <testcase name="TC02 Verifieren voor sollicitatie form -Negative #2" classname="US001 Solliciteren bij search4solutions" time="0.113">
    <error message="The step &apos;I am on the search4solutions home page&apos; and 1 other step(s) are undefined.&#10;You can implement these steps using the snippet(s) below:&#10;&#10;@Given(&quot;I am on the search4solutions home page&quot;)&#10;public void i_am_on_the_search4solutions_home_page() {&#10;    // Write code here that turns the phrase above into concrete actions&#10;    throw new io.cucumber.java.PendingException();&#10;}&#10;@Then(&quot;user gets the result of the application&quot;)&#10;public void user_gets_the_result_of_the_application() {&#10;    // Write code here that turns the phrase above into concrete actions&#10;    throw new io.cucumber.java.PendingException();&#10;}&#10;" type="io.cucumber.junit.UndefinedStepException">io.cucumber.junit.UndefinedStepException: 
The step 'I am on the search4solutions home page' and 1 other step(s) are undefined.
You can implement these steps using the snippet(s) below:

@Given("I am on the search4solutions home page")
public void i_am_on_the_search4solutions_home_page() {
    // Write code here that turns the phrase above into concrete actions
    throw new io.cucumber.java.PendingException();
}
@Then("user gets the result of the application")
public void user_gets_the_result_of_the_application() {
    // Write code here that turns the phrase above into concrete actions
    throw new io.cucumber.java.PendingException();
}

</error>
    <system-out><![CDATA[
@smoke @sollicitatieForm
Scenario Outline: TC02 Verifieren voor sollicitatie form -Negative         &amp#27;[90m# src/test/resources/features/US001 Solliciteren bij search4solutions.feature:56&amp#27;[0m
  &amp#27;[33mGiven &amp#27;[0m&amp#27;[33mI am on the search4solutions home page&amp#27;[0m                             &amp#27;[90m# null&amp#27;[0m
  &amp#27;[36mThen &amp#27;[0m&amp#27;[36muser gets the result of the application&amp#27;[0m                             &amp#27;[90m# null&amp#27;[0m
  &amp#27;[36mAnd &amp#27;[0m&amp#27;[36muser hover over Werken bij on the menu&amp#27;[0m                               &amp#27;[90m# stepdefinitions.SolliciterenStepdef.user_hover_over_werken_bij_on_the_menu()&amp#27;[0m
  &amp#27;[36mAnd &amp#27;[0m&amp#27;[36muser choose Cloud Engineer&amp#27;[0m                                           &amp#27;[90m# stepdefinitions.SolliciterenStepdef.user_choose_cloud_engineer()&amp#27;[0m
  &amp#27;[36mWhen &amp#27;[0m&amp#27;[36muser click to button Solliciteren&amp#27;[0m                                   &amp#27;[90m# stepdefinitions.SolliciterenStepdef.userClickToButtonSolliciteren()&amp#27;[0m
  &amp#27;[36mAnd &amp#27;[0m&amp#27;[36muser fills out the form with not valid first name &amp#27;[0m&amp#27;[36m&amp#27;[1m""&amp#27;[0m                 &amp#27;[90m# stepdefinitions.SolliciterenStepdef.userFillsOutTheFormWithNotValidFirstName(java.lang.String)&amp#27;[0m
  &amp#27;[36mAnd &amp#27;[0m&amp#27;[36muser fills out the form with not valid last name &amp#27;[0m&amp#27;[36m&amp#27;[1m"Sade"&amp#27;[0m              &amp#27;[90m# stepdefinitions.SolliciterenStepdef.userFillsOutTheFormWithNotValidLastName(java.lang.String)&amp#27;[0m
  &amp#27;[36mAnd &amp#27;[0m&amp#27;[36muser fills out the form with not valid e-mail &amp#27;[0m&amp#27;[36m&amp#27;[1m"nemo@.nl"&amp#27;[0m             &amp#27;[90m# stepdefinitions.SolliciterenStepdef.userFillsOutTheFormWithNotValidEMail(java.lang.String)&amp#27;[0m
  &amp#27;[36mAnd &amp#27;[0m&amp#27;[36muser fills out the form with not valid Telefoonnummer &amp#27;[0m&amp#27;[36m&amp#27;[1m"+31612345678"&amp#27;[0m &amp#27;[90m# stepdefinitions.SolliciterenStepdef.userFillsOutTheFormWithNotValidTelefoonnummer(java.lang.String)&amp#27;[0m
]]></system-out>
  </testcase>
  <testcase name="TC02 Verifieren voor sollicitatie form -Negative #3" classname="US001 Solliciteren bij search4solutions" time="0.102">
    <error message="The step &apos;I am on the search4solutions home page&apos; and 1 other step(s) are undefined.&#10;You can implement these steps using the snippet(s) below:&#10;&#10;@Given(&quot;I am on the search4solutions home page&quot;)&#10;public void i_am_on_the_search4solutions_home_page() {&#10;    // Write code here that turns the phrase above into concrete actions&#10;    throw new io.cucumber.java.PendingException();&#10;}&#10;@Then(&quot;user gets the result of the application&quot;)&#10;public void user_gets_the_result_of_the_application() {&#10;    // Write code here that turns the phrase above into concrete actions&#10;    throw new io.cucumber.java.PendingException();&#10;}&#10;" type="io.cucumber.junit.UndefinedStepException">io.cucumber.junit.UndefinedStepException: 
The step 'I am on the search4solutions home page' and 1 other step(s) are undefined.
You can implement these steps using the snippet(s) below:

@Given("I am on the search4solutions home page")
public void i_am_on_the_search4solutions_home_page() {
    // Write code here that turns the phrase above into concrete actions
    throw new io.cucumber.java.PendingException();
}
@Then("user gets the result of the application")
public void user_gets_the_result_of_the_application() {
    // Write code here that turns the phrase above into concrete actions
    throw new io.cucumber.java.PendingException();
}

</error>
    <system-out><![CDATA[
@smoke @sollicitatieForm
Scenario Outline: TC02 Verifieren voor sollicitatie form -Negative         &amp#27;[90m# src/test/resources/features/US001 Solliciteren bij search4solutions.feature:57&amp#27;[0m
  &amp#27;[33mGiven &amp#27;[0m&amp#27;[33mI am on the search4solutions home page&amp#27;[0m                             &amp#27;[90m# null&amp#27;[0m
  &amp#27;[36mThen &amp#27;[0m&amp#27;[36muser gets the result of the application&amp#27;[0m                             &amp#27;[90m# null&amp#27;[0m
  &amp#27;[36mAnd &amp#27;[0m&amp#27;[36muser hover over Werken bij on the menu&amp#27;[0m                               &amp#27;[90m# stepdefinitions.SolliciterenStepdef.user_hover_over_werken_bij_on_the_menu()&amp#27;[0m
  &amp#27;[36mAnd &amp#27;[0m&amp#27;[36muser choose Cloud Engineer&amp#27;[0m                                           &amp#27;[90m# stepdefinitions.SolliciterenStepdef.user_choose_cloud_engineer()&amp#27;[0m
  &amp#27;[36mWhen &amp#27;[0m&amp#27;[36muser click to button Solliciteren&amp#27;[0m                                   &amp#27;[90m# stepdefinitions.SolliciterenStepdef.userClickToButtonSolliciteren()&amp#27;[0m
  &amp#27;[36mAnd &amp#27;[0m&amp#27;[36muser fills out the form with not valid first name &amp#27;[0m&amp#27;[36m&amp#27;[1m"/*"&amp#27;[0m               &amp#27;[90m# stepdefinitions.SolliciterenStepdef.userFillsOutTheFormWithNotValidFirstName(java.lang.String)&amp#27;[0m
  &amp#27;[36mAnd &amp#27;[0m&amp#27;[36muser fills out the form with not valid last name &amp#27;[0m&amp#27;[36m&amp#27;[1m"Sade"&amp#27;[0m              &amp#27;[90m# stepdefinitions.SolliciterenStepdef.userFillsOutTheFormWithNotValidLastName(java.lang.String)&amp#27;[0m
  &amp#27;[36mAnd &amp#27;[0m&amp#27;[36muser fills out the form with not valid e-mail &amp#27;[0m&amp#27;[36m&amp#27;[1m"@sade.nl"&amp#27;[0m             &amp#27;[90m# stepdefinitions.SolliciterenStepdef.userFillsOutTheFormWithNotValidEMail(java.lang.String)&amp#27;[0m
  &amp#27;[36mAnd &amp#27;[0m&amp#27;[36muser fills out the form with not valid Telefoonnummer &amp#27;[0m&amp#27;[36m&amp#27;[1m"+31612345678"&amp#27;[0m &amp#27;[90m# stepdefinitions.SolliciterenStepdef.userFillsOutTheFormWithNotValidTelefoonnummer(java.lang.String)&amp#27;[0m
]]></system-out>
  </testcase>
  <testcase name="TC02 Verifieren voor sollicitatie form -Negative #4" classname="US001 Solliciteren bij search4solutions" time="0.098">
    <error message="The step &apos;I am on the search4solutions home page&apos; and 1 other step(s) are undefined.&#10;You can implement these steps using the snippet(s) below:&#10;&#10;@Given(&quot;I am on the search4solutions home page&quot;)&#10;public void i_am_on_the_search4solutions_home_page() {&#10;    // Write code here that turns the phrase above into concrete actions&#10;    throw new io.cucumber.java.PendingException();&#10;}&#10;@Then(&quot;user gets the result of the application&quot;)&#10;public void user_gets_the_result_of_the_application() {&#10;    // Write code here that turns the phrase above into concrete actions&#10;    throw new io.cucumber.java.PendingException();&#10;}&#10;" type="io.cucumber.junit.UndefinedStepException">io.cucumber.junit.UndefinedStepException: 
The step 'I am on the search4solutions home page' and 1 other step(s) are undefined.
You can implement these steps using the snippet(s) below:

@Given("I am on the search4solutions home page")
public void i_am_on_the_search4solutions_home_page() {
    // Write code here that turns the phrase above into concrete actions
    throw new io.cucumber.java.PendingException();
}
@Then("user gets the result of the application")
public void user_gets_the_result_of_the_application() {
    // Write code here that turns the phrase above into concrete actions
    throw new io.cucumber.java.PendingException();
}

</error>
    <system-out><![CDATA[
@smoke @sollicitatieForm
Scenario Outline: TC02 Verifieren voor sollicitatie form -Negative         &amp#27;[90m# src/test/resources/features/US001 Solliciteren bij search4solutions.feature:58&amp#27;[0m
  &amp#27;[33mGiven &amp#27;[0m&amp#27;[33mI am on the search4solutions home page&amp#27;[0m                             &amp#27;[90m# null&amp#27;[0m
  &amp#27;[36mThen &amp#27;[0m&amp#27;[36muser gets the result of the application&amp#27;[0m                             &amp#27;[90m# null&amp#27;[0m
  &amp#27;[36mAnd &amp#27;[0m&amp#27;[36muser hover over Werken bij on the menu&amp#27;[0m                               &amp#27;[90m# stepdefinitions.SolliciterenStepdef.user_hover_over_werken_bij_on_the_menu()&amp#27;[0m
  &amp#27;[36mAnd &amp#27;[0m&amp#27;[36muser choose Cloud Engineer&amp#27;[0m                                           &amp#27;[90m# stepdefinitions.SolliciterenStepdef.user_choose_cloud_engineer()&amp#27;[0m
  &amp#27;[36mWhen &amp#27;[0m&amp#27;[36muser click to button Solliciteren&amp#27;[0m                                   &amp#27;[90m# stepdefinitions.SolliciterenStepdef.userClickToButtonSolliciteren()&amp#27;[0m
  &amp#27;[36mAnd &amp#27;[0m&amp#27;[36muser fills out the form with not valid first name &amp#27;[0m&amp#27;[36m&amp#27;[1m"!"&amp#27;[0m                &amp#27;[90m# stepdefinitions.SolliciterenStepdef.userFillsOutTheFormWithNotValidFirstName(java.lang.String)&amp#27;[0m
  &amp#27;[36mAnd &amp#27;[0m&amp#27;[36muser fills out the form with not valid last name &amp#27;[0m&amp#27;[36m&amp#27;[1m"`"&amp#27;[0m                 &amp#27;[90m# stepdefinitions.SolliciterenStepdef.userFillsOutTheFormWithNotValidLastName(java.lang.String)&amp#27;[0m
  &amp#27;[36mAnd &amp#27;[0m&amp#27;[36muser fills out the form with not valid e-mail &amp#27;[0m&amp#27;[36m&amp#27;[1m"nemo@sadenl"&amp#27;[0m          &amp#27;[90m# stepdefinitions.SolliciterenStepdef.userFillsOutTheFormWithNotValidEMail(java.lang.String)&amp#27;[0m
  &amp#27;[36mAnd &amp#27;[0m&amp#27;[36muser fills out the form with not valid Telefoonnummer &amp#27;[0m&amp#27;[36m&amp#27;[1m"+31612345678"&amp#27;[0m &amp#27;[90m# stepdefinitions.SolliciterenStepdef.userFillsOutTheFormWithNotValidTelefoonnummer(java.lang.String)&amp#27;[0m
]]></system-out>
  </testcase>
  <testcase name="TC02 Verifieren voor sollicitatie form -Negative #5" classname="US001 Solliciteren bij search4solutions" time="0.222">
    <error message="The step &apos;I am on the search4solutions home page&apos; and 1 other step(s) are undefined.&#10;You can implement these steps using the snippet(s) below:&#10;&#10;@Given(&quot;I am on the search4solutions home page&quot;)&#10;public void i_am_on_the_search4solutions_home_page() {&#10;    // Write code here that turns the phrase above into concrete actions&#10;    throw new io.cucumber.java.PendingException();&#10;}&#10;@Then(&quot;user gets the result of the application&quot;)&#10;public void user_gets_the_result_of_the_application() {&#10;    // Write code here that turns the phrase above into concrete actions&#10;    throw new io.cucumber.java.PendingException();&#10;}&#10;" type="io.cucumber.junit.UndefinedStepException">io.cucumber.junit.UndefinedStepException: 
The step 'I am on the search4solutions home page' and 1 other step(s) are undefined.
You can implement these steps using the snippet(s) below:

@Given("I am on the search4solutions home page")
public void i_am_on_the_search4solutions_home_page() {
    // Write code here that turns the phrase above into concrete actions
    throw new io.cucumber.java.PendingException();
}
@Then("user gets the result of the application")
public void user_gets_the_result_of_the_application() {
    // Write code here that turns the phrase above into concrete actions
    throw new io.cucumber.java.PendingException();
}

</error>
    <system-out><![CDATA[
@smoke @sollicitatieForm
Scenario Outline: TC02 Verifieren voor sollicitatie form -Negative         &amp#27;[90m# src/test/resources/features/US001 Solliciteren bij search4solutions.feature:59&amp#27;[0m
  &amp#27;[33mGiven &amp#27;[0m&amp#27;[33mI am on the search4solutions home page&amp#27;[0m                             &amp#27;[90m# null&amp#27;[0m
  &amp#27;[36mThen &amp#27;[0m&amp#27;[36muser gets the result of the application&amp#27;[0m                             &amp#27;[90m# null&amp#27;[0m
  &amp#27;[36mAnd &amp#27;[0m&amp#27;[36muser hover over Werken bij on the menu&amp#27;[0m                               &amp#27;[90m# stepdefinitions.SolliciterenStepdef.user_hover_over_werken_bij_on_the_menu()&amp#27;[0m
  &amp#27;[36mAnd &amp#27;[0m&amp#27;[36muser choose Cloud Engineer&amp#27;[0m                                           &amp#27;[90m# stepdefinitions.SolliciterenStepdef.user_choose_cloud_engineer()&amp#27;[0m
  &amp#27;[36mWhen &amp#27;[0m&amp#27;[36muser click to button Solliciteren&amp#27;[0m                                   &amp#27;[90m# stepdefinitions.SolliciterenStepdef.userClickToButtonSolliciteren()&amp#27;[0m
  &amp#27;[36mAnd &amp#27;[0m&amp#27;[36muser fills out the form with not valid first name &amp#27;[0m&amp#27;[36m&amp#27;[1m"Nemo"&amp#27;[0m             &amp#27;[90m# stepdefinitions.SolliciterenStepdef.userFillsOutTheFormWithNotValidFirstName(java.lang.String)&amp#27;[0m
  &amp#27;[36mAnd &amp#27;[0m&amp#27;[36muser fills out the form with not valid last name &amp#27;[0m&amp#27;[36m&amp#27;[1m"Sade"&amp#27;[0m              &amp#27;[90m# stepdefinitions.SolliciterenStepdef.userFillsOutTheFormWithNotValidLastName(java.lang.String)&amp#27;[0m
  &amp#27;[36mAnd &amp#27;[0m&amp#27;[36muser fills out the form with not valid e-mail &amp#27;[0m&amp#27;[36m&amp#27;[1m"nemo@sade"&amp#27;[0m            &amp#27;[90m# stepdefinitions.SolliciterenStepdef.userFillsOutTheFormWithNotValidEMail(java.lang.String)&amp#27;[0m
  &amp#27;[36mAnd &amp#27;[0m&amp#27;[36muser fills out the form with not valid Telefoonnummer &amp#27;[0m&amp#27;[36m&amp#27;[1m"+31612345678"&amp#27;[0m &amp#27;[90m# stepdefinitions.SolliciterenStepdef.userFillsOutTheFormWithNotValidTelefoonnummer(java.lang.String)&amp#27;[0m
]]></system-out>
  </testcase>
  <testcase name="TC02 Verifieren voor sollicitatie form -Negative #6" classname="US001 Solliciteren bij search4solutions" time="0.212">
    <error message="The step &apos;I am on the search4solutions home page&apos; and 1 other step(s) are undefined.&#10;You can implement these steps using the snippet(s) below:&#10;&#10;@Given(&quot;I am on the search4solutions home page&quot;)&#10;public void i_am_on_the_search4solutions_home_page() {&#10;    // Write code here that turns the phrase above into concrete actions&#10;    throw new io.cucumber.java.PendingException();&#10;}&#10;@Then(&quot;user gets the result of the application&quot;)&#10;public void user_gets_the_result_of_the_application() {&#10;    // Write code here that turns the phrase above into concrete actions&#10;    throw new io.cucumber.java.PendingException();&#10;}&#10;" type="io.cucumber.junit.UndefinedStepException">io.cucumber.junit.UndefinedStepException: 
The step 'I am on the search4solutions home page' and 1 other step(s) are undefined.
You can implement these steps using the snippet(s) below:

@Given("I am on the search4solutions home page")
public void i_am_on_the_search4solutions_home_page() {
    // Write code here that turns the phrase above into concrete actions
    throw new io.cucumber.java.PendingException();
}
@Then("user gets the result of the application")
public void user_gets_the_result_of_the_application() {
    // Write code here that turns the phrase above into concrete actions
    throw new io.cucumber.java.PendingException();
}

</error>
    <system-out><![CDATA[
@smoke @sollicitatieForm
Scenario Outline: TC02 Verifieren voor sollicitatie form -Negative         &amp#27;[90m# src/test/resources/features/US001 Solliciteren bij search4solutions.feature:60&amp#27;[0m
  &amp#27;[33mGiven &amp#27;[0m&amp#27;[33mI am on the search4solutions home page&amp#27;[0m                             &amp#27;[90m# null&amp#27;[0m
  &amp#27;[36mThen &amp#27;[0m&amp#27;[36muser gets the result of the application&amp#27;[0m                             &amp#27;[90m# null&amp#27;[0m
  &amp#27;[36mAnd &amp#27;[0m&amp#27;[36muser hover over Werken bij on the menu&amp#27;[0m                               &amp#27;[90m# stepdefinitions.SolliciterenStepdef.user_hover_over_werken_bij_on_the_menu()&amp#27;[0m
  &amp#27;[36mAnd &amp#27;[0m&amp#27;[36muser choose Cloud Engineer&amp#27;[0m                                           &amp#27;[90m# stepdefinitions.SolliciterenStepdef.user_choose_cloud_engineer()&amp#27;[0m
  &amp#27;[36mWhen &amp#27;[0m&amp#27;[36muser click to button Solliciteren&amp#27;[0m                                   &amp#27;[90m# stepdefinitions.SolliciterenStepdef.userClickToButtonSolliciteren()&amp#27;[0m
  &amp#27;[36mAnd &amp#27;[0m&amp#27;[36muser fills out the form with not valid first name &amp#27;[0m&amp#27;[36m&amp#27;[1m"Nemo"&amp#27;[0m             &amp#27;[90m# stepdefinitions.SolliciterenStepdef.userFillsOutTheFormWithNotValidFirstName(java.lang.String)&amp#27;[0m
  &amp#27;[36mAnd &amp#27;[0m&amp#27;[36muser fills out the form with not valid last name &amp#27;[0m&amp#27;[36m&amp#27;[1m"Sade"&amp#27;[0m              &amp#27;[90m# stepdefinitions.SolliciterenStepdef.userFillsOutTheFormWithNotValidLastName(java.lang.String)&amp#27;[0m
  &amp#27;[36mAnd &amp#27;[0m&amp#27;[36muser fills out the form with not valid e-mail &amp#27;[0m&amp#27;[36m&amp#27;[1m"nemo@sade."&amp#27;[0m           &amp#27;[90m# stepdefinitions.SolliciterenStepdef.userFillsOutTheFormWithNotValidEMail(java.lang.String)&amp#27;[0m
  &amp#27;[36mAnd &amp#27;[0m&amp#27;[36muser fills out the form with not valid Telefoonnummer &amp#27;[0m&amp#27;[36m&amp#27;[1m"+31612345678"&amp#27;[0m &amp#27;[90m# stepdefinitions.SolliciterenStepdef.userFillsOutTheFormWithNotValidTelefoonnummer(java.lang.String)&amp#27;[0m
]]></system-out>
  </testcase>
  <testcase name="TC02 Verifieren voor sollicitatie form -Negative #7" classname="US001 Solliciteren bij search4solutions" time="0.098">
    <error message="The step &apos;I am on the search4solutions home page&apos; and 1 other step(s) are undefined.&#10;You can implement these steps using the snippet(s) below:&#10;&#10;@Given(&quot;I am on the search4solutions home page&quot;)&#10;public void i_am_on_the_search4solutions_home_page() {&#10;    // Write code here that turns the phrase above into concrete actions&#10;    throw new io.cucumber.java.PendingException();&#10;}&#10;@Then(&quot;user gets the result of the application&quot;)&#10;public void user_gets_the_result_of_the_application() {&#10;    // Write code here that turns the phrase above into concrete actions&#10;    throw new io.cucumber.java.PendingException();&#10;}&#10;" type="io.cucumber.junit.UndefinedStepException">io.cucumber.junit.UndefinedStepException: 
The step 'I am on the search4solutions home page' and 1 other step(s) are undefined.
You can implement these steps using the snippet(s) below:

@Given("I am on the search4solutions home page")
public void i_am_on_the_search4solutions_home_page() {
    // Write code here that turns the phrase above into concrete actions
    throw new io.cucumber.java.PendingException();
}
@Then("user gets the result of the application")
public void user_gets_the_result_of_the_application() {
    // Write code here that turns the phrase above into concrete actions
    throw new io.cucumber.java.PendingException();
}

</error>
    <system-out><![CDATA[
@smoke @sollicitatieForm
Scenario Outline: TC02 Verifieren voor sollicitatie form -Negative         &amp#27;[90m# src/test/resources/features/US001 Solliciteren bij search4solutions.feature:61&amp#27;[0m
  &amp#27;[33mGiven &amp#27;[0m&amp#27;[33mI am on the search4solutions home page&amp#27;[0m                             &amp#27;[90m# null&amp#27;[0m
  &amp#27;[36mThen &amp#27;[0m&amp#27;[36muser gets the result of the application&amp#27;[0m                             &amp#27;[90m# null&amp#27;[0m
  &amp#27;[36mAnd &amp#27;[0m&amp#27;[36muser hover over Werken bij on the menu&amp#27;[0m                               &amp#27;[90m# stepdefinitions.SolliciterenStepdef.user_hover_over_werken_bij_on_the_menu()&amp#27;[0m
  &amp#27;[36mAnd &amp#27;[0m&amp#27;[36muser choose Cloud Engineer&amp#27;[0m                                           &amp#27;[90m# stepdefinitions.SolliciterenStepdef.user_choose_cloud_engineer()&amp#27;[0m
  &amp#27;[36mWhen &amp#27;[0m&amp#27;[36muser click to button Solliciteren&amp#27;[0m                                   &amp#27;[90m# stepdefinitions.SolliciterenStepdef.userClickToButtonSolliciteren()&amp#27;[0m
  &amp#27;[36mAnd &amp#27;[0m&amp#27;[36muser fills out the form with not valid first name &amp#27;[0m&amp#27;[36m&amp#27;[1m"Nemo"&amp#27;[0m             &amp#27;[90m# stepdefinitions.SolliciterenStepdef.userFillsOutTheFormWithNotValidFirstName(java.lang.String)&amp#27;[0m
  &amp#27;[36mAnd &amp#27;[0m&amp#27;[36muser fills out the form with not valid last name &amp#27;[0m&amp#27;[36m&amp#27;[1m"Sade"&amp#27;[0m              &amp#27;[90m# stepdefinitions.SolliciterenStepdef.userFillsOutTheFormWithNotValidLastName(java.lang.String)&amp#27;[0m
  &amp#27;[36mAnd &amp#27;[0m&amp#27;[36muser fills out the form with not valid e-mail &amp#27;[0m&amp#27;[36m&amp#27;[1m"n@n@s.nl"&amp#27;[0m             &amp#27;[90m# stepdefinitions.SolliciterenStepdef.userFillsOutTheFormWithNotValidEMail(java.lang.String)&amp#27;[0m
  &amp#27;[36mAnd &amp#27;[0m&amp#27;[36muser fills out the form with not valid Telefoonnummer &amp#27;[0m&amp#27;[36m&amp#27;[1m"+31612345678"&amp#27;[0m &amp#27;[90m# stepdefinitions.SolliciterenStepdef.userFillsOutTheFormWithNotValidTelefoonnummer(java.lang.String)&amp#27;[0m
]]></system-out>
  </testcase>
  <testcase name="TC02 Verifieren voor sollicitatie form -Negative #8" classname="US001 Solliciteren bij search4solutions" time="0.076">
    <error message="The step &apos;I am on the search4solutions home page&apos; and 1 other step(s) are undefined.&#10;You can implement these steps using the snippet(s) below:&#10;&#10;@Given(&quot;I am on the search4solutions home page&quot;)&#10;public void i_am_on_the_search4solutions_home_page() {&#10;    // Write code here that turns the phrase above into concrete actions&#10;    throw new io.cucumber.java.PendingException();&#10;}&#10;@Then(&quot;user gets the result of the application&quot;)&#10;public void user_gets_the_result_of_the_application() {&#10;    // Write code here that turns the phrase above into concrete actions&#10;    throw new io.cucumber.java.PendingException();&#10;}&#10;" type="io.cucumber.junit.UndefinedStepException">io.cucumber.junit.UndefinedStepException: 
The step 'I am on the search4solutions home page' and 1 other step(s) are undefined.
You can implement these steps using the snippet(s) below:

@Given("I am on the search4solutions home page")
public void i_am_on_the_search4solutions_home_page() {
    // Write code here that turns the phrase above into concrete actions
    throw new io.cucumber.java.PendingException();
}
@Then("user gets the result of the application")
public void user_gets_the_result_of_the_application() {
    // Write code here that turns the phrase above into concrete actions
    throw new io.cucumber.java.PendingException();
}

</error>
    <system-out><![CDATA[
@smoke @sollicitatieForm
Scenario Outline: TC02 Verifieren voor sollicitatie form -Negative         &amp#27;[90m# src/test/resources/features/US001 Solliciteren bij search4solutions.feature:62&amp#27;[0m
  &amp#27;[33mGiven &amp#27;[0m&amp#27;[33mI am on the search4solutions home page&amp#27;[0m                             &amp#27;[90m# null&amp#27;[0m
  &amp#27;[36mThen &amp#27;[0m&amp#27;[36muser gets the result of the application&amp#27;[0m                             &amp#27;[90m# null&amp#27;[0m
  &amp#27;[36mAnd &amp#27;[0m&amp#27;[36muser hover over Werken bij on the menu&amp#27;[0m                               &amp#27;[90m# stepdefinitions.SolliciterenStepdef.user_hover_over_werken_bij_on_the_menu()&amp#27;[0m
  &amp#27;[36mAnd &amp#27;[0m&amp#27;[36muser choose Cloud Engineer&amp#27;[0m                                           &amp#27;[90m# stepdefinitions.SolliciterenStepdef.user_choose_cloud_engineer()&amp#27;[0m
  &amp#27;[36mWhen &amp#27;[0m&amp#27;[36muser click to button Solliciteren&amp#27;[0m                                   &amp#27;[90m# stepdefinitions.SolliciterenStepdef.userClickToButtonSolliciteren()&amp#27;[0m
  &amp#27;[36mAnd &amp#27;[0m&amp#27;[36muser fills out the form with not valid first name &amp#27;[0m&amp#27;[36m&amp#27;[1m"Nemo"&amp#27;[0m             &amp#27;[90m# stepdefinitions.SolliciterenStepdef.userFillsOutTheFormWithNotValidFirstName(java.lang.String)&amp#27;[0m
  &amp#27;[36mAnd &amp#27;[0m&amp#27;[36muser fills out the form with not valid last name &amp#27;[0m&amp#27;[36m&amp#27;[1m"Sade"&amp#27;[0m              &amp#27;[90m# stepdefinitions.SolliciterenStepdef.userFillsOutTheFormWithNotValidLastName(java.lang.String)&amp#27;[0m
  &amp#27;[36mAnd &amp#27;[0m&amp#27;[36muser fills out the form with not valid e-mail &amp#27;[0m&amp#27;[36m&amp#27;[1m"@nemo@sade.nl"&amp#27;[0m        &amp#27;[90m# stepdefinitions.SolliciterenStepdef.userFillsOutTheFormWithNotValidEMail(java.lang.String)&amp#27;[0m
  &amp#27;[36mAnd &amp#27;[0m&amp#27;[36muser fills out the form with not valid Telefoonnummer &amp#27;[0m&amp#27;[36m&amp#27;[1m"+31612345678"&amp#27;[0m &amp#27;[90m# stepdefinitions.SolliciterenStepdef.userFillsOutTheFormWithNotValidTelefoonnummer(java.lang.String)&amp#27;[0m
]]></system-out>
  </testcase>
  <testcase name="TC02 Verifieren voor sollicitatie form -Negative #9" classname="US001 Solliciteren bij search4solutions" time="0.138">
    <error message="The step &apos;I am on the search4solutions home page&apos; and 1 other step(s) are undefined.&#10;You can implement these steps using the snippet(s) below:&#10;&#10;@Given(&quot;I am on the search4solutions home page&quot;)&#10;public void i_am_on_the_search4solutions_home_page() {&#10;    // Write code here that turns the phrase above into concrete actions&#10;    throw new io.cucumber.java.PendingException();&#10;}&#10;@Then(&quot;user gets the result of the application&quot;)&#10;public void user_gets_the_result_of_the_application() {&#10;    // Write code here that turns the phrase above into concrete actions&#10;    throw new io.cucumber.java.PendingException();&#10;}&#10;" type="io.cucumber.junit.UndefinedStepException">io.cucumber.junit.UndefinedStepException: 
The step 'I am on the search4solutions home page' and 1 other step(s) are undefined.
You can implement these steps using the snippet(s) below:

@Given("I am on the search4solutions home page")
public void i_am_on_the_search4solutions_home_page() {
    // Write code here that turns the phrase above into concrete actions
    throw new io.cucumber.java.PendingException();
}
@Then("user gets the result of the application")
public void user_gets_the_result_of_the_application() {
    // Write code here that turns the phrase above into concrete actions
    throw new io.cucumber.java.PendingException();
}

</error>
    <system-out><![CDATA[
@smoke @sollicitatieForm
Scenario Outline: TC02 Verifieren voor sollicitatie form -Negative         &amp#27;[90m# src/test/resources/features/US001 Solliciteren bij search4solutions.feature:63&amp#27;[0m
  &amp#27;[33mGiven &amp#27;[0m&amp#27;[33mI am on the search4solutions home page&amp#27;[0m                             &amp#27;[90m# null&amp#27;[0m
  &amp#27;[36mThen &amp#27;[0m&amp#27;[36muser gets the result of the application&amp#27;[0m                             &amp#27;[90m# null&amp#27;[0m
  &amp#27;[36mAnd &amp#27;[0m&amp#27;[36muser hover over Werken bij on the menu&amp#27;[0m                               &amp#27;[90m# stepdefinitions.SolliciterenStepdef.user_hover_over_werken_bij_on_the_menu()&amp#27;[0m
  &amp#27;[36mAnd &amp#27;[0m&amp#27;[36muser choose Cloud Engineer&amp#27;[0m                                           &amp#27;[90m# stepdefinitions.SolliciterenStepdef.user_choose_cloud_engineer()&amp#27;[0m
  &amp#27;[36mWhen &amp#27;[0m&amp#27;[36muser click to button Solliciteren&amp#27;[0m                                   &amp#27;[90m# stepdefinitions.SolliciterenStepdef.userClickToButtonSolliciteren()&amp#27;[0m
  &amp#27;[36mAnd &amp#27;[0m&amp#27;[36muser fills out the form with not valid first name &amp#27;[0m&amp#27;[36m&amp#27;[1m"Nemo"&amp#27;[0m             &amp#27;[90m# stepdefinitions.SolliciterenStepdef.userFillsOutTheFormWithNotValidFirstName(java.lang.String)&amp#27;[0m
  &amp#27;[36mAnd &amp#27;[0m&amp#27;[36muser fills out the form with not valid last name &amp#27;[0m&amp#27;[36m&amp#27;[1m"Sade"&amp#27;[0m              &amp#27;[90m# stepdefinitions.SolliciterenStepdef.userFillsOutTheFormWithNotValidLastName(java.lang.String)&amp#27;[0m
  &amp#27;[36mAnd &amp#27;[0m&amp#27;[36muser fills out the form with not valid e-mail &amp#27;[0m&amp#27;[36m&amp#27;[1m"nn@s..nl"&amp#27;[0m             &amp#27;[90m# stepdefinitions.SolliciterenStepdef.userFillsOutTheFormWithNotValidEMail(java.lang.String)&amp#27;[0m
  &amp#27;[36mAnd &amp#27;[0m&amp#27;[36muser fills out the form with not valid Telefoonnummer &amp#27;[0m&amp#27;[36m&amp#27;[1m"+31612345678"&amp#27;[0m &amp#27;[90m# stepdefinitions.SolliciterenStepdef.userFillsOutTheFormWithNotValidTelefoonnummer(java.lang.String)&amp#27;[0m
]]></system-out>
  </testcase>
  <testcase name="TC02 Verifieren voor sollicitatie form -Negative #10" classname="US001 Solliciteren bij search4solutions" time="0.126">
    <error message="The step &apos;I am on the search4solutions home page&apos; and 1 other step(s) are undefined.&#10;You can implement these steps using the snippet(s) below:&#10;&#10;@Given(&quot;I am on the search4solutions home page&quot;)&#10;public void i_am_on_the_search4solutions_home_page() {&#10;    // Write code here that turns the phrase above into concrete actions&#10;    throw new io.cucumber.java.PendingException();&#10;}&#10;@Then(&quot;user gets the result of the application&quot;)&#10;public void user_gets_the_result_of_the_application() {&#10;    // Write code here that turns the phrase above into concrete actions&#10;    throw new io.cucumber.java.PendingException();&#10;}&#10;" type="io.cucumber.junit.UndefinedStepException">io.cucumber.junit.UndefinedStepException: 
The step 'I am on the search4solutions home page' and 1 other step(s) are undefined.
You can implement these steps using the snippet(s) below:

@Given("I am on the search4solutions home page")
public void i_am_on_the_search4solutions_home_page() {
    // Write code here that turns the phrase above into concrete actions
    throw new io.cucumber.java.PendingException();
}
@Then("user gets the result of the application")
public void user_gets_the_result_of_the_application() {
    // Write code here that turns the phrase above into concrete actions
    throw new io.cucumber.java.PendingException();
}

</error>
    <system-out><![CDATA[
@smoke @sollicitatieForm
Scenario Outline: TC02 Verifieren voor sollicitatie form -Negative         &amp#27;[90m# src/test/resources/features/US001 Solliciteren bij search4solutions.feature:64&amp#27;[0m
  &amp#27;[33mGiven &amp#27;[0m&amp#27;[33mI am on the search4solutions home page&amp#27;[0m                             &amp#27;[90m# null&amp#27;[0m
  &amp#27;[36mThen &amp#27;[0m&amp#27;[36muser gets the result of the application&amp#27;[0m                             &amp#27;[90m# null&amp#27;[0m
  &amp#27;[36mAnd &amp#27;[0m&amp#27;[36muser hover over Werken bij on the menu&amp#27;[0m                               &amp#27;[90m# stepdefinitions.SolliciterenStepdef.user_hover_over_werken_bij_on_the_menu()&amp#27;[0m
  &amp#27;[36mAnd &amp#27;[0m&amp#27;[36muser choose Cloud Engineer&amp#27;[0m                                           &amp#27;[90m# stepdefinitions.SolliciterenStepdef.user_choose_cloud_engineer()&amp#27;[0m
  &amp#27;[36mWhen &amp#27;[0m&amp#27;[36muser click to button Solliciteren&amp#27;[0m                                   &amp#27;[90m# stepdefinitions.SolliciterenStepdef.userClickToButtonSolliciteren()&amp#27;[0m
  &amp#27;[36mAnd &amp#27;[0m&amp#27;[36muser fills out the form with not valid first name &amp#27;[0m&amp#27;[36m&amp#27;[1m"Nemo"&amp#27;[0m             &amp#27;[90m# stepdefinitions.SolliciterenStepdef.userFillsOutTheFormWithNotValidFirstName(java.lang.String)&amp#27;[0m
  &amp#27;[36mAnd &amp#27;[0m&amp#27;[36muser fills out the form with not valid last name &amp#27;[0m&amp#27;[36m&amp#27;[1m"Sade"&amp#27;[0m              &amp#27;[90m# stepdefinitions.SolliciterenStepdef.userFillsOutTheFormWithNotValidLastName(java.lang.String)&amp#27;[0m
  &amp#27;[36mAnd &amp#27;[0m&amp#27;[36muser fills out the form with not valid e-mail &amp#27;[0m&amp#27;[36m&amp#27;[1m"nemo@sade.n"&amp#27;[0m          &amp#27;[90m# stepdefinitions.SolliciterenStepdef.userFillsOutTheFormWithNotValidEMail(java.lang.String)&amp#27;[0m
  &amp#27;[36mAnd &amp#27;[0m&amp#27;[36muser fills out the form with not valid Telefoonnummer &amp#27;[0m&amp#27;[36m&amp#27;[1m"+31612345678"&amp#27;[0m &amp#27;[90m# stepdefinitions.SolliciterenStepdef.userFillsOutTheFormWithNotValidTelefoonnummer(java.lang.String)&amp#27;[0m
]]></system-out>
  </testcase>
</testsuite>